#
# There is insufficient memory for the Java Runtime Environment to continue.
# Native memory allocation (mmap) failed to map 266338304 bytes for G1 virtual space
# Possible reasons:
#   The system is out of physical RAM or swap space
#   The process is running with CompressedOops enabled, and the Java Heap may be blocking the growth of the native heap
# Possible solutions:
#   Reduce memory load on the system
#   Increase physical memory or swap space
#   Check if swap backing store is full
#   Decrease Java heap size (-Xmx/-Xms)
#   Decrease number of Java threads
#   Decrease Java thread stack sizes (-Xss)
#   Set larger code cache with -XX:ReservedCodeCacheSize=
#   JVM is running with Zero Based Compressed Oops mode in which the Java heap is
#     placed in the first 32GB address space. The Java Heap base address is the
#     maximum limit for the native heap growth. Please use -XX:HeapBaseMinAddress
#     to set the Java Heap base and to place the Java Heap above 32GB virtual address.
# This output file may be truncated or incomplete.
#
#  Out of Memory Error (os_windows.cpp:3769), pid=15560, tid=13300
#
# JRE version:  (17.0.6) (build )
# Java VM: OpenJDK 64-Bit Server VM (17.0.6+0-b2043.56-10027231, mixed mode, sharing, tiered, compressed oops, compressed class ptrs, g1 gc, windows-amd64)
# No core dump will be written. Minidumps are not enabled by default on client versions of Windows
#

---------------  S U M M A R Y ------------

Command Line: 

Host: AMD Ryzen 5 3550H with Radeon Vega Mobile Gfx  , 8 cores, 15G,  Windows 11 , 64 bit Build 22621 (10.0.22621.2428)
Time: Thu Oct 26 21:50:27 2023 RTZ 9 (s 11 , 64 bit Build 22621 (10.0.22621.2428) elapsed time: 0.011320 seconds (0d 0h 0m 0s)

---------------  T H R E A D  ---------------

Current thread (0x0000025de4f27170):  JavaThread "Unknown thread" [_thread_in_vm, id=13300, stack(0x000000a1cfc00000,0x000000a1cfd00000)]

Stack: [0x000000a1cfc00000,0x000000a1cfd00000]
Native frames: (J=compiled Java code, j=interpreted, Vv=VM code, C=native code)
V  [jvm.dll+0x683c9a]
V  [jvm.dll+0x8427a4]
V  [jvm.dll+0x843f9e]
V  [jvm.dll+0x844603]
V  [jvm.dll+0x249b75]
V  [jvm.dll+0x680b69]
V  [jvm.dll+0x67505a]
V  [jvm.dll+0x309acb]
V  [jvm.dll+0x310f86]
V  [jvm.dll+0x3608ee]
V  [jvm.dll+0x360b1f]
V  [jvm.dll+0x2dfbf8]
V  [jvm.dll+0x2e0b64]
V  [jvm.dll+0x814091]
V  [jvm.dll+0x36e6a1]
V  [jvm.dll+0x7f35cc]
V  [jvm.dll+0x3f0e8f]
V  [jvm.dll+0x3f29d1]
C  [jli.dll+0x526b]
C  [ucrtbase.dll+0x29363]
C  [KERNEL32.DLL+0x1257d]
C  [ntdll.dll+0x5aa78]


---------------  P R O C E S S  ---------------

Threads class SMR info:
_java_thread_list=0x00007fff7225c058, length=0, elements={
}

Java Threads: ( => current thread )

Other Threads:
  0x0000025de4f92c70 GCTaskThread "GC Thread#0" [stack: 0x000000a1cfd00000,0x000000a1cfe00000] [id=14932]
  0x0000025de4fa48d0 ConcurrentGCThread "G1 Main Marker" [stack: 0x000000a1cfe00000,0x000000a1cff00000] [id=3832]
  0x0000025de4fa5a80 ConcurrentGCThread "G1 Conc#0" [stack: 0x000000a1cff00000,0x000000a1d0000000] [id=744]

[error occurred during error reporting (printing all threads), id 0xc0000005, EXCEPTION_ACCESS_VIOLATION (0xc0000005) at pc=0x00007fff71a10797]

VM state: not at safepoint (not fully initialized)

VM Mutex/Monitor currently owned by a thread:  ([mutex/lock_event])
[0x0000025de4f24130] Heap_lock - owner thread: 0x0000025de4f27170

Heap address: 0x0000000702e00000, size: 4050 MB, Compressed Oops mode: Zero based, Oop shift amount: 3

CDS archive(s) mapped at: [0x0000000000000000-0x0000000000000000-0x0000000000000000), size 0, SharedBaseAddress: 0x0000000800000000, ArchiveRelocationMode: 0.
Narrow klass base: 0x0000000000000000, Narrow klass shift: 0, Narrow klass range: 0x0

GC Precious Log:
<Empty>

Heap:
 garbage-first heap   total 0K, used 0K [0x0000000702e00000, 0x0000000800000000)
  region size 2048K, 0 young (0K), 0 survivors (0K)

[error occurred during error reporting (printing heap information), id 0xc0000005, EXCEPTION_ACCESS_VIOLATION (0xc0000005) at pc=0x00007fff71dfda89]

GC Heap History (0 events):
No events

Dll operation events (1 events):
Event: 0.007 Loaded shared library C:\Program Files\Android\Android Studio\jbr\bin\java.dll

Deoptimization events (0 events):
No events

Classes unloaded (0 events):
No events

Classes redefined (0 events):
No events

Internal exceptions (0 events):
No events

VM Operations (0 events):
No events

Events (0 events):
No events


Dynamic libraries:
0x00007ff700b70000 - 0x00007ff700b7a000 	C:\Program Files\Android\Android Studio\jbr\bin\java.EXE
0x00007fffc4b10000 - 0x00007fffc4d27000 	C:\WINDOWS\SYSTEM32\ntdll.dll
0x00007fffc2fc0000 - 0x00007fffc3084000 	C:\WINDOWS\System32\KERNEL32.DLL
0x00007fffc24c0000 - 0x00007fffc2866000 	C:\WINDOWS\System32\KERNELBASE.dll
0x00007fffc1f50000 - 0x00007fffc2061000 	C:\WINDOWS\System32\ucrtbase.dll
0x00007fffae4f0000 - 0x00007fffae50b000 	C:\Program Files\Android\Android Studio\jbr\bin\VCRUNTIME140.dll
0x00007fffb74c0000 - 0x00007fffb74d7000 	C:\Program Files\Android\Android Studio\jbr\bin\jli.dll
0x00007fffc28f0000 - 0x00007fffc2a9d000 	C:\WINDOWS\System32\USER32.dll
0x00007fffad850000 - 0x00007fffadae3000 	C:\WINDOWS\WinSxS\amd64_microsoft.windows.common-controls_6595b64144ccf1df_6.0.22621.2361_none_2712ced57382f843\COMCTL32.dll
0x00007fffc2280000 - 0x00007fffc22a6000 	C:\WINDOWS\System32\win32u.dll
0x00007fffc3750000 - 0x00007fffc37f7000 	C:\WINDOWS\System32\msvcrt.dll
0x00007fffc31e0000 - 0x00007fffc3209000 	C:\WINDOWS\System32\GDI32.dll
0x00007fffc23a0000 - 0x00007fffc24b8000 	C:\WINDOWS\System32\gdi32full.dll
0x00007fffc2070000 - 0x00007fffc210a000 	C:\WINDOWS\System32\msvcp_win.dll
0x00007fffc3090000 - 0x00007fffc30c1000 	C:\WINDOWS\System32\IMM32.DLL
0x00007fffbf130000 - 0x00007fffbf13c000 	C:\Program Files\Android\Android Studio\jbr\bin\vcruntime140_1.dll
0x00007fff7f450000 - 0x00007fff7f4dd000 	C:\Program Files\Android\Android Studio\jbr\bin\msvcp140.dll
0x00007fff71720000 - 0x00007fff7238e000 	C:\Program Files\Android\Android Studio\jbr\bin\server\jvm.dll
0x00007fffc3a00000 - 0x00007fffc3ab0000 	C:\WINDOWS\System32\ADVAPI32.dll
0x00007fffc33b0000 - 0x00007fffc3456000 	C:\WINDOWS\System32\sechost.dll
0x00007fffc38d0000 - 0x00007fffc39e7000 	C:\WINDOWS\System32\RPCRT4.dll
0x00007fffb9f30000 - 0x00007fffb9f64000 	C:\WINDOWS\SYSTEM32\WINMM.dll
0x00007fffbad30000 - 0x00007fffbad39000 	C:\WINDOWS\SYSTEM32\WSOCK32.dll
0x00007fffb7f50000 - 0x00007fffb7f5a000 	C:\WINDOWS\SYSTEM32\VERSION.dll
0x00007fffc2870000 - 0x00007fffc28e1000 	C:\WINDOWS\System32\WS2_32.dll
0x00007fffc0e70000 - 0x00007fffc0e88000 	C:\WINDOWS\SYSTEM32\kernel.appcore.dll
0x00007fffbac90000 - 0x00007fffbac9a000 	C:\Program Files\Android\Android Studio\jbr\bin\jimage.dll
0x00007fffb8990000 - 0x00007fffb8bbe000 	C:\WINDOWS\SYSTEM32\DBGHELP.DLL
0x00007fffc2b10000 - 0x00007fffc2e9a000 	C:\WINDOWS\System32\combase.dll
0x00007fffc47a0000 - 0x00007fffc4877000 	C:\WINDOWS\System32\OLEAUT32.dll
0x00007fffaee20000 - 0x00007fffaee52000 	C:\WINDOWS\SYSTEM32\dbgcore.DLL
0x00007fffc22b0000 - 0x00007fffc232a000 	C:\WINDOWS\System32\bcryptPrimitives.dll
0x00007fffba4e0000 - 0x00007fffba505000 	C:\Program Files\Android\Android Studio\jbr\bin\java.dll

dbghelp: loaded successfully - version: 4.0.5 - missing functions: none
symbol engine: initialized successfully - sym options: 0x614 - pdb path: .;C:\Program Files\Android\Android Studio\jbr\bin;C:\WINDOWS\SYSTEM32;C:\WINDOWS\WinSxS\amd64_microsoft.windows.common-controls_6595b64144ccf1df_6.0.22621.2361_none_2712ced57382f843;C:\Program Files\Android\Android Studio\jbr\bin\server

VM Arguments:
java_command: <unknown>
java_class_path (initial): <not set>
Launcher Type: SUN_STANDARD

[Global flags]
     intx CICompilerCount                          = 4                                         {product} {ergonomic}
     uint ConcGCThreads                            = 2                                         {product} {ergonomic}
     uint G1ConcRefinementThreads                  = 8                                         {product} {ergonomic}
   size_t G1HeapRegionSize                         = 2097152                                   {product} {ergonomic}
    uintx GCDrainStackTargetSize                   = 64                                        {product} {ergonomic}
   size_t InitialHeapSize                          = 266338304                                 {product} {ergonomic}
   size_t MarkStackSize                            = 4194304                                   {product} {ergonomic}
   size_t MaxHeapSize                              = 4246732800                                {product} {ergonomic}
   size_t MinHeapDeltaBytes                        = 2097152                                   {product} {ergonomic}
   size_t MinHeapSize                              = 8388608                                   {product} {ergonomic}
    uintx NonNMethodCodeHeapSize                   = 5839372                                {pd product} {ergonomic}
    uintx NonProfiledCodeHeapSize                  = 122909434                              {pd product} {ergonomic}
    uintx ProfiledCodeHeapSize                     = 122909434                              {pd product} {ergonomic}
    uintx ReservedCodeCacheSize                    = 251658240                              {pd product} {ergonomic}
     bool SegmentedCodeCache                       = true                                      {product} {ergonomic}
   size_t SoftMaxHeapSize                          = 4246732800                             {manageable} {ergonomic}
     bool UseCompressedClassPointers               = true                           {product lp64_product} {ergonomic}
     bool UseCompressedOops                        = true                           {product lp64_product} {ergonomic}
     bool UseG1GC                                  = true                                      {product} {ergonomic}
     bool UseLargePagesIndividualAllocation        = false                                  {pd product} {ergonomic}

Logging:
Log output configuration:
 #0: stdout all=warning uptime,level,tags
 #1: stderr all=off uptime,level,tags

Environment Variables:
PATH=C:\MinGW\bin;C:\ProgramData\Oracle\Java\javapath;C:\WINDOWS\system32;C:\WINDOWS;C:\WINDOWS\System32\Wbem;C:\WINDOWS\System32\WindowsPowerShell\v1.0\;C:\WINDOWS\System32\OpenSSH\;C:\Program Files\MATLAB\R2021b\runtime\win64;C:\Program Files\MATLAB\R2021b\bin;C:\Program Files\Git\cmd;C:\game\flutter\flutter\platforms;C:\game\flutter\flutter\platform-tools;C:\game\flutter\flutter\bin;C:\Users\Стас\AppData\Local\GitHubDesktop\bin;C:\game\flutter\flutter\platforms;;C:\Games\Flutter\flutter\bin\mingit\cmd
USERNAME=Стас
OS=Windows_NT
PROCESSOR_IDENTIFIER=AMD64 Family 23 Model 24 Stepping 1, AuthenticAMD
TMP=C:\Users\Стас\AppData\Local\Temp
TEMP=C:\Users\Стас\AppData\Local\Temp


JNI global refs:

[error occurred during error reporting (JNI global references), id 0xc0000005, EXCEPTION_ACCESS_VIOLATION (0xc0000005) at pc=0x00007fff717d7a10]


---------------  S Y S T E M  ---------------

OS:
 Windows 11 , 64 bit Build 22621 (10.0.22621.2428)
OS uptime: 2 days 22:10 hours

CPU: total 8 (initial active 8) (8 cores per cpu, 2 threads per core) family 23 model 24 stepping 1 microcode 0x0, cx8, cmov, fxsr, ht, mmx, 3dnowpref, sse, sse2, sse3, ssse3, sse4a, sse4.1, sse4.2, popcnt, lzcnt, tsc, tscinvbit, avx, avx2, aes, clmul, bmi1, bmi2, adx, sha, fma, vzeroupper, clflush, clflushopt

Memory: 4k page, system-wide physical 16194M (4031M free)
TotalPageFile size 16194M (AvailPageFile size 167M)
current process WorkingSet (physical memory assigned to process): 11M, peak: 11M
current process commit charge ("private bytes"): 60M, peak: 314M

vm_info: OpenJDK 64-Bit Server VM (17.0.6+0-b2043.56-10027231) for windows-amd64 JRE (17.0.6+0-b2043.56-10027231), built on Apr 28 2023 00:43:19 by "androidbuild" with MS VC++ 16.10 / 16.11 (VS2019)

END.
